<?xml version="1.0" encoding="UTF-8"?>
<!-- Generated by org.testng.reporters.JUnitXMLReporter -->
<testsuite hostname="DESKTOP-GOGGDHJ" ignored="2" name="Test" tests="1" failures="0" timestamp="16 Nov 2020 06:42:17 GMT" time="1.375" errors="0">
  <testcase name="@BeforeSuite setUp" time="101.346" classname="com.hawk895.base.TestBase">
    <failure type="java.lang.NullPointerException">
      <![CDATA[java.lang.NullPointerException
at com.hawk895.base.TestBase.setUp(TestBase.java:72)
... Removed 20 stack frames]]>
    </failure>
  </testcase> <!-- @BeforeSuite setUp -->
  <testcase name="LoginAsBm" time="0.0" classname="com.hawk895.testcases.LoginTest">
    <skipped/>
  </testcase> <!-- LoginAsBm -->
  <testcase name="@BeforeSuite setUp" time="0.0" classname="com.hawk895.base.TestBase">
    <ignored/>
  </testcase> <!-- @BeforeSuite setUp -->
  <testcase name="@AfterSuite tearDown" time="0.0" classname="com.hawk895.base.TestBase">
    <ignored/>
  </testcase> <!-- @AfterSuite tearDown -->
</testsuite> <!-- Test -->
