<?xml version="1.0" encoding="UTF-8"?>
<testsuite xmlns:xsi="http://www.w3.org/2001/XMLSchema-instance" xsi:schemaLocation="https://maven.apache.org/surefire/maven-surefire-plugin/xsd/surefire-test-report.xsd" name="TestSuite" time="613.964" tests="6" errors="0" skipped="5" failures="1">
  <properties>
[...]
</properties>
  <testcase name="setUp" classname="com.hawk895.testcases.AddCustomer" time="612.914">
    <failure message="session not created&#10;from timeout: Timed out receiving message from renderer: 600.000&#10;  (Session info: chrome=86.0.4240.193)&#10;Build info: version: &apos;3.141.59&apos;, revision: &apos;e82be7d358&apos;, time: &apos;2018-11-14T08:17:03&apos;&#10;System info: host: &apos;DESKTOP-GOGGDHJ&apos;, ip: &apos;192.168.0.102&apos;, os.name: &apos;Windows 10&apos;, os.arch: &apos;amd64&apos;, os.version: &apos;10.0&apos;, java.version: &apos;1.8.0_201&apos;&#10;Driver info: driver.version: ChromeDriver&#10;remote stacktrace: Backtrace:&#10;	Ordinal0 [0x00AEC013+3194899]&#10;	Ordinal0 [0x009D6021+2056225]&#10;	Ordinal0 [0x0086F608+587272]&#10;	Ordinal0 [0x008636EC+538348]&#10;	Ordinal0 [0x00862A6F+535151]&#10;	Ordinal0 [0x00862E45+536133]&#10;	Ordinal0 [0x008627A5+534437]&#10;	Ordinal0 [0x0086BBC9+572361]&#10;	Ordinal0 [0x00862754+534356]&#10;	Ordinal0 [0x00863475+537717]&#10;	Ordinal0 [0x00862A6F+535151]&#10;	Ordinal0 [0x00862E45+536133]&#10;	Ordinal0 [0x008627A5+534437]&#10;	Ordinal0 [0x00869EFE+564990]&#10;	Ordinal0 [0x00862754+534356]&#10;	Ordinal0 [0x00863475+537717]&#10;	Ordinal0 [0x00862A6F+535151]&#10;	Ordinal0 [0x00862E45+536133]&#10;	Ordinal0 [0x008627A5+534437]&#10;	Ordinal0 [0x00868186+557446]&#10;	Ordinal0 [0x00862754+534356]&#10;	Ordinal0 [0x00863475+537717]&#10;	Ordinal0 [0x00862A6F+535151]&#10;	Ordinal0 [0x00862E45+536133]&#10;	Ordinal0 [0x008627A5+534437]&#10;	Ordinal0 [0x008674A7+554151]&#10;	Ordinal0 [0x00862754+534356]&#10;	Ordinal0 [0x00863475+537717]&#10;	Ordinal0 [0x00862A6F+535151]&#10;	Ordinal0 [0x00862E45+536133]&#10;	Ordinal0 [0x008627A5+534437]&#10;	Ordinal0 [0x0085F06C+520300]&#10;	Ordinal0 [0x00862754+534356]&#10;	Ordinal0 [0x008625BF+533951]&#10;	Ordinal0 [0x008623D3+533459]&#10;	Ordinal0 [0x00870620+591392]&#10;	Ordinal0 [0x00812A0C+207372]&#10;	Ordinal0 [0x00811D0D+204045]&#10;	Ordinal0 [0x0080FC1B+195611]&#10;	Ordinal0 [0x007F3B7F+80767]&#10;	Ordinal0 [0x007F4B4E+84814]&#10;	Ordinal0 [0x007F4AD9+84697]&#10;	Ordinal0 [0x009ECE64+2149988]&#10;	GetHandleVerifier [0x00C5BE95+1400773]&#10;	GetHandleVerifier [0x00C5BB61+1399953]&#10;	GetHandleVerifier [0x00C631FA+1430314]&#10;	GetHandleVerifier [0x00C5C69F+1402831]&#10;	Ordinal0 [0x009E3D61+2112865]&#10;	Ordinal0 [0x009EE5CB+2155979]&#10;	Ordinal0 [0x009EE6F5+2156277]&#10;	Ordinal0 [0x009FF26E+2224750]&#10;	BaseThreadInitThunk [0x74FD6359+25]&#10;	RtlGetAppContainerNamedObjectPath [0x76F47C24+228]&#10;	RtlGetAppContainerNamedObjectPath [0x76F47BF4+180]&#10;" type="org.openqa.selenium.SessionNotCreatedException">org.openqa.selenium.SessionNotCreatedException: 
session not created
from timeout: Timed out receiving message from renderer: 600.000
  (Session info: chrome=86.0.4240.193)
Build info: version: '3.141.59', revision: 'e82be7d358', time: '2018-11-14T08:17:03'
System info: host: 'DESKTOP-GOGGDHJ', ip: '192.168.0.102', os.name: 'Windows 10', os.arch: 'amd64', os.version: '10.0', java.version: '1.8.0_201'
Driver info: driver.version: ChromeDriver
remote stacktrace: Backtrace:
	Ordinal0 [0x00AEC013+3194899]
	Ordinal0 [0x009D6021+2056225]
	Ordinal0 [0x0086F608+587272]
	Ordinal0 [0x008636EC+538348]
	Ordinal0 [0x00862A6F+535151]
	Ordinal0 [0x00862E45+536133]
	Ordinal0 [0x008627A5+534437]
	Ordinal0 [0x0086BBC9+572361]
	Ordinal0 [0x00862754+534356]
	Ordinal0 [0x00863475+537717]
	Ordinal0 [0x00862A6F+535151]
	Ordinal0 [0x00862E45+536133]
	Ordinal0 [0x008627A5+534437]
	Ordinal0 [0x00869EFE+564990]
	Ordinal0 [0x00862754+534356]
	Ordinal0 [0x00863475+537717]
	Ordinal0 [0x00862A6F+535151]
	Ordinal0 [0x00862E45+536133]
	Ordinal0 [0x008627A5+534437]
	Ordinal0 [0x00868186+557446]
	Ordinal0 [0x00862754+534356]
	Ordinal0 [0x00863475+537717]
	Ordinal0 [0x00862A6F+535151]
	Ordinal0 [0x00862E45+536133]
	Ordinal0 [0x008627A5+534437]
	Ordinal0 [0x008674A7+554151]
	Ordinal0 [0x00862754+534356]
	Ordinal0 [0x00863475+537717]
	Ordinal0 [0x00862A6F+535151]
	Ordinal0 [0x00862E45+536133]
	Ordinal0 [0x008627A5+534437]
	Ordinal0 [0x0085F06C+520300]
	Ordinal0 [0x00862754+534356]
	Ordinal0 [0x008625BF+533951]
	Ordinal0 [0x008623D3+533459]
	Ordinal0 [0x00870620+591392]
	Ordinal0 [0x00812A0C+207372]
	Ordinal0 [0x00811D0D+204045]
	Ordinal0 [0x0080FC1B+195611]
	Ordinal0 [0x007F3B7F+80767]
	Ordinal0 [0x007F4B4E+84814]
	Ordinal0 [0x007F4AD9+84697]
	Ordinal0 [0x009ECE64+2149988]
	GetHandleVerifier [0x00C5BE95+1400773]
	GetHandleVerifier [0x00C5BB61+1399953]
	GetHandleVerifier [0x00C631FA+1430314]
	GetHandleVerifier [0x00C5C69F+1402831]
	Ordinal0 [0x009E3D61+2112865]
	Ordinal0 [0x009EE5CB+2155979]
	Ordinal0 [0x009EE6F5+2156277]
	Ordinal0 [0x009FF26E+2224750]
	BaseThreadInitThunk [0x74FD6359+25]
	RtlGetAppContainerNamedObjectPath [0x76F47C24+228]
	RtlGetAppContainerNamedObjectPath [0x76F47BF4+180]

</failure>
    <system-out><![CDATA[[TestNGContentHandler] [WARN] It is strongly recommended to add "<!DOCTYPE suite SYSTEM "https://testng.org/testng-1.0.dtd" >" at the top of your file, otherwise TestNG may fail or not work as expected.
Config file loaded
OR file loaded
]]></system-out>
    <system-err><![CDATA[Starting ChromeDriver 86.0.4240.22 (398b0743353ff36fb1b82468f63a3a93b4e2e89e-refs/branch-heads/4240@{#378}) on port 3815
Only local connections are allowed.
Please see https://chromedriver.chromium.org/security-considerations for suggestions on keeping ChromeDriver safe.
ChromeDriver was started successfully.
[1605550800.096][SEVERE]: Timed out receiving message from renderer: 600.000
]]></system-err>
  </testcase>
  <testcase name="LoginAsBm" classname="com.hawk895.testcases.LoginTest" time="0">
    <skipped message="session not created&#10;from timeout: Timed out receiving message from renderer: 600.000&#10;  (Session info: chrome=86.0.4240.193)&#10;Build info: version: &apos;3.141.59&apos;, revision: &apos;e82be7d358&apos;, time: &apos;2018-11-14T08:17:03&apos;&#10;System info: host: &apos;DESKTOP-GOGGDHJ&apos;, ip: &apos;192.168.0.102&apos;, os.name: &apos;Windows 10&apos;, os.arch: &apos;amd64&apos;, os.version: &apos;10.0&apos;, java.version: &apos;1.8.0_201&apos;&#10;Driver info: driver.version: ChromeDriver&#10;remote stacktrace: Backtrace:&#10;	Ordinal0 [0x00AEC013+3194899]&#10;	Ordinal0 [0x009D6021+2056225]&#10;	Ordinal0 [0x0086F608+587272]&#10;	Ordinal0 [0x008636EC+538348]&#10;	Ordinal0 [0x00862A6F+535151]&#10;	Ordinal0 [0x00862E45+536133]&#10;	Ordinal0 [0x008627A5+534437]&#10;	Ordinal0 [0x0086BBC9+572361]&#10;	Ordinal0 [0x00862754+534356]&#10;	Ordinal0 [0x00863475+537717]&#10;	Ordinal0 [0x00862A6F+535151]&#10;	Ordinal0 [0x00862E45+536133]&#10;	Ordinal0 [0x008627A5+534437]&#10;	Ordinal0 [0x00869EFE+564990]&#10;	Ordinal0 [0x00862754+534356]&#10;	Ordinal0 [0x00863475+537717]&#10;	Ordinal0 [0x00862A6F+535151]&#10;	Ordinal0 [0x00862E45+536133]&#10;	Ordinal0 [0x008627A5+534437]&#10;	Ordinal0 [0x00868186+557446]&#10;	Ordinal0 [0x00862754+534356]&#10;	Ordinal0 [0x00863475+537717]&#10;	Ordinal0 [0x00862A6F+535151]&#10;	Ordinal0 [0x00862E45+536133]&#10;	Ordinal0 [0x008627A5+534437]&#10;	Ordinal0 [0x008674A7+554151]&#10;	Ordinal0 [0x00862754+534356]&#10;	Ordinal0 [0x00863475+537717]&#10;	Ordinal0 [0x00862A6F+535151]&#10;	Ordinal0 [0x00862E45+536133]&#10;	Ordinal0 [0x008627A5+534437]&#10;	Ordinal0 [0x0085F06C+520300]&#10;	Ordinal0 [0x00862754+534356]&#10;	Ordinal0 [0x008625BF+533951]&#10;	Ordinal0 [0x008623D3+533459]&#10;	Ordinal0 [0x00870620+591392]&#10;	Ordinal0 [0x00812A0C+207372]&#10;	Ordinal0 [0x00811D0D+204045]&#10;	Ordinal0 [0x0080FC1B+195611]&#10;	Ordinal0 [0x007F3B7F+80767]&#10;	Ordinal0 [0x007F4B4E+84814]&#10;	Ordinal0 [0x007F4AD9+84697]&#10;	Ordinal0 [0x009ECE64+2149988]&#10;	GetHandleVerifier [0x00C5BE95+1400773]&#10;	GetHandleVerifier [0x00C5BB61+1399953]&#10;	GetHandleVerifier [0x00C631FA+1430314]&#10;	GetHandleVerifier [0x00C5C69F+1402831]&#10;	Ordinal0 [0x009E3D61+2112865]&#10;	Ordinal0 [0x009EE5CB+2155979]&#10;	Ordinal0 [0x009EE6F5+2156277]&#10;	Ordinal0 [0x009FF26E+2224750]&#10;	BaseThreadInitThunk [0x74FD6359+25]&#10;	RtlGetAppContainerNamedObjectPath [0x76F47C24+228]&#10;	RtlGetAppContainerNamedObjectPath [0x76F47BF4+180]&#10;"/>
  </testcase>
  <testcase name="addCust" classname="com.hawk895.testcases.AddCustomer" time="0">
    <skipped message="session not created&#10;from timeout: Timed out receiving message from renderer: 600.000&#10;  (Session info: chrome=86.0.4240.193)&#10;Build info: version: &apos;3.141.59&apos;, revision: &apos;e82be7d358&apos;, time: &apos;2018-11-14T08:17:03&apos;&#10;System info: host: &apos;DESKTOP-GOGGDHJ&apos;, ip: &apos;192.168.0.102&apos;, os.name: &apos;Windows 10&apos;, os.arch: &apos;amd64&apos;, os.version: &apos;10.0&apos;, java.version: &apos;1.8.0_201&apos;&#10;Driver info: driver.version: ChromeDriver&#10;remote stacktrace: Backtrace:&#10;	Ordinal0 [0x00AEC013+3194899]&#10;	Ordinal0 [0x009D6021+2056225]&#10;	Ordinal0 [0x0086F608+587272]&#10;	Ordinal0 [0x008636EC+538348]&#10;	Ordinal0 [0x00862A6F+535151]&#10;	Ordinal0 [0x00862E45+536133]&#10;	Ordinal0 [0x008627A5+534437]&#10;	Ordinal0 [0x0086BBC9+572361]&#10;	Ordinal0 [0x00862754+534356]&#10;	Ordinal0 [0x00863475+537717]&#10;	Ordinal0 [0x00862A6F+535151]&#10;	Ordinal0 [0x00862E45+536133]&#10;	Ordinal0 [0x008627A5+534437]&#10;	Ordinal0 [0x00869EFE+564990]&#10;	Ordinal0 [0x00862754+534356]&#10;	Ordinal0 [0x00863475+537717]&#10;	Ordinal0 [0x00862A6F+535151]&#10;	Ordinal0 [0x00862E45+536133]&#10;	Ordinal0 [0x008627A5+534437]&#10;	Ordinal0 [0x00868186+557446]&#10;	Ordinal0 [0x00862754+534356]&#10;	Ordinal0 [0x00863475+537717]&#10;	Ordinal0 [0x00862A6F+535151]&#10;	Ordinal0 [0x00862E45+536133]&#10;	Ordinal0 [0x008627A5+534437]&#10;	Ordinal0 [0x008674A7+554151]&#10;	Ordinal0 [0x00862754+534356]&#10;	Ordinal0 [0x00863475+537717]&#10;	Ordinal0 [0x00862A6F+535151]&#10;	Ordinal0 [0x00862E45+536133]&#10;	Ordinal0 [0x008627A5+534437]&#10;	Ordinal0 [0x0085F06C+520300]&#10;	Ordinal0 [0x00862754+534356]&#10;	Ordinal0 [0x008625BF+533951]&#10;	Ordinal0 [0x008623D3+533459]&#10;	Ordinal0 [0x00870620+591392]&#10;	Ordinal0 [0x00812A0C+207372]&#10;	Ordinal0 [0x00811D0D+204045]&#10;	Ordinal0 [0x0080FC1B+195611]&#10;	Ordinal0 [0x007F3B7F+80767]&#10;	Ordinal0 [0x007F4B4E+84814]&#10;	Ordinal0 [0x007F4AD9+84697]&#10;	Ordinal0 [0x009ECE64+2149988]&#10;	GetHandleVerifier [0x00C5BE95+1400773]&#10;	GetHandleVerifier [0x00C5BB61+1399953]&#10;	GetHandleVerifier [0x00C631FA+1430314]&#10;	GetHandleVerifier [0x00C5C69F+1402831]&#10;	Ordinal0 [0x009E3D61+2112865]&#10;	Ordinal0 [0x009EE5CB+2155979]&#10;	Ordinal0 [0x009EE6F5+2156277]&#10;	Ordinal0 [0x009FF26E+2224750]&#10;	BaseThreadInitThunk [0x74FD6359+25]&#10;	RtlGetAppContainerNamedObjectPath [0x76F47C24+228]&#10;	RtlGetAppContainerNamedObjectPath [0x76F47BF4+180]&#10;"/>
  </testcase>
  <testcase name="addCust" classname="com.hawk895.testcases.AddCustomer" time="0">
    <skipped message="session not created&#10;from timeout: Timed out receiving message from renderer: 600.000&#10;  (Session info: chrome=86.0.4240.193)&#10;Build info: version: &apos;3.141.59&apos;, revision: &apos;e82be7d358&apos;, time: &apos;2018-11-14T08:17:03&apos;&#10;System info: host: &apos;DESKTOP-GOGGDHJ&apos;, ip: &apos;192.168.0.102&apos;, os.name: &apos;Windows 10&apos;, os.arch: &apos;amd64&apos;, os.version: &apos;10.0&apos;, java.version: &apos;1.8.0_201&apos;&#10;Driver info: driver.version: ChromeDriver&#10;remote stacktrace: Backtrace:&#10;	Ordinal0 [0x00AEC013+3194899]&#10;	Ordinal0 [0x009D6021+2056225]&#10;	Ordinal0 [0x0086F608+587272]&#10;	Ordinal0 [0x008636EC+538348]&#10;	Ordinal0 [0x00862A6F+535151]&#10;	Ordinal0 [0x00862E45+536133]&#10;	Ordinal0 [0x008627A5+534437]&#10;	Ordinal0 [0x0086BBC9+572361]&#10;	Ordinal0 [0x00862754+534356]&#10;	Ordinal0 [0x00863475+537717]&#10;	Ordinal0 [0x00862A6F+535151]&#10;	Ordinal0 [0x00862E45+536133]&#10;	Ordinal0 [0x008627A5+534437]&#10;	Ordinal0 [0x00869EFE+564990]&#10;	Ordinal0 [0x00862754+534356]&#10;	Ordinal0 [0x00863475+537717]&#10;	Ordinal0 [0x00862A6F+535151]&#10;	Ordinal0 [0x00862E45+536133]&#10;	Ordinal0 [0x008627A5+534437]&#10;	Ordinal0 [0x00868186+557446]&#10;	Ordinal0 [0x00862754+534356]&#10;	Ordinal0 [0x00863475+537717]&#10;	Ordinal0 [0x00862A6F+535151]&#10;	Ordinal0 [0x00862E45+536133]&#10;	Ordinal0 [0x008627A5+534437]&#10;	Ordinal0 [0x008674A7+554151]&#10;	Ordinal0 [0x00862754+534356]&#10;	Ordinal0 [0x00863475+537717]&#10;	Ordinal0 [0x00862A6F+535151]&#10;	Ordinal0 [0x00862E45+536133]&#10;	Ordinal0 [0x008627A5+534437]&#10;	Ordinal0 [0x0085F06C+520300]&#10;	Ordinal0 [0x00862754+534356]&#10;	Ordinal0 [0x008625BF+533951]&#10;	Ordinal0 [0x008623D3+533459]&#10;	Ordinal0 [0x00870620+591392]&#10;	Ordinal0 [0x00812A0C+207372]&#10;	Ordinal0 [0x00811D0D+204045]&#10;	Ordinal0 [0x0080FC1B+195611]&#10;	Ordinal0 [0x007F3B7F+80767]&#10;	Ordinal0 [0x007F4B4E+84814]&#10;	Ordinal0 [0x007F4AD9+84697]&#10;	Ordinal0 [0x009ECE64+2149988]&#10;	GetHandleVerifier [0x00C5BE95+1400773]&#10;	GetHandleVerifier [0x00C5BB61+1399953]&#10;	GetHandleVerifier [0x00C631FA+1430314]&#10;	GetHandleVerifier [0x00C5C69F+1402831]&#10;	Ordinal0 [0x009E3D61+2112865]&#10;	Ordinal0 [0x009EE5CB+2155979]&#10;	Ordinal0 [0x009EE6F5+2156277]&#10;	Ordinal0 [0x009FF26E+2224750]&#10;	BaseThreadInitThunk [0x74FD6359+25]&#10;	RtlGetAppContainerNamedObjectPath [0x76F47C24+228]&#10;	RtlGetAppContainerNamedObjectPath [0x76F47BF4+180]&#10;"/>
  </testcase>
  <testcase name="addCust" classname="com.hawk895.testcases.AddCustomer" time="0">
    <skipped message="session not created&#10;from timeout: Timed out receiving message from renderer: 600.000&#10;  (Session info: chrome=86.0.4240.193)&#10;Build info: version: &apos;3.141.59&apos;, revision: &apos;e82be7d358&apos;, time: &apos;2018-11-14T08:17:03&apos;&#10;System info: host: &apos;DESKTOP-GOGGDHJ&apos;, ip: &apos;192.168.0.102&apos;, os.name: &apos;Windows 10&apos;, os.arch: &apos;amd64&apos;, os.version: &apos;10.0&apos;, java.version: &apos;1.8.0_201&apos;&#10;Driver info: driver.version: ChromeDriver&#10;remote stacktrace: Backtrace:&#10;	Ordinal0 [0x00AEC013+3194899]&#10;	Ordinal0 [0x009D6021+2056225]&#10;	Ordinal0 [0x0086F608+587272]&#10;	Ordinal0 [0x008636EC+538348]&#10;	Ordinal0 [0x00862A6F+535151]&#10;	Ordinal0 [0x00862E45+536133]&#10;	Ordinal0 [0x008627A5+534437]&#10;	Ordinal0 [0x0086BBC9+572361]&#10;	Ordinal0 [0x00862754+534356]&#10;	Ordinal0 [0x00863475+537717]&#10;	Ordinal0 [0x00862A6F+535151]&#10;	Ordinal0 [0x00862E45+536133]&#10;	Ordinal0 [0x008627A5+534437]&#10;	Ordinal0 [0x00869EFE+564990]&#10;	Ordinal0 [0x00862754+534356]&#10;	Ordinal0 [0x00863475+537717]&#10;	Ordinal0 [0x00862A6F+535151]&#10;	Ordinal0 [0x00862E45+536133]&#10;	Ordinal0 [0x008627A5+534437]&#10;	Ordinal0 [0x00868186+557446]&#10;	Ordinal0 [0x00862754+534356]&#10;	Ordinal0 [0x00863475+537717]&#10;	Ordinal0 [0x00862A6F+535151]&#10;	Ordinal0 [0x00862E45+536133]&#10;	Ordinal0 [0x008627A5+534437]&#10;	Ordinal0 [0x008674A7+554151]&#10;	Ordinal0 [0x00862754+534356]&#10;	Ordinal0 [0x00863475+537717]&#10;	Ordinal0 [0x00862A6F+535151]&#10;	Ordinal0 [0x00862E45+536133]&#10;	Ordinal0 [0x008627A5+534437]&#10;	Ordinal0 [0x0085F06C+520300]&#10;	Ordinal0 [0x00862754+534356]&#10;	Ordinal0 [0x008625BF+533951]&#10;	Ordinal0 [0x008623D3+533459]&#10;	Ordinal0 [0x00870620+591392]&#10;	Ordinal0 [0x00812A0C+207372]&#10;	Ordinal0 [0x00811D0D+204045]&#10;	Ordinal0 [0x0080FC1B+195611]&#10;	Ordinal0 [0x007F3B7F+80767]&#10;	Ordinal0 [0x007F4B4E+84814]&#10;	Ordinal0 [0x007F4AD9+84697]&#10;	Ordinal0 [0x009ECE64+2149988]&#10;	GetHandleVerifier [0x00C5BE95+1400773]&#10;	GetHandleVerifier [0x00C5BB61+1399953]&#10;	GetHandleVerifier [0x00C631FA+1430314]&#10;	GetHandleVerifier [0x00C5C69F+1402831]&#10;	Ordinal0 [0x009E3D61+2112865]&#10;	Ordinal0 [0x009EE5CB+2155979]&#10;	Ordinal0 [0x009EE6F5+2156277]&#10;	Ordinal0 [0x009FF26E+2224750]&#10;	BaseThreadInitThunk [0x74FD6359+25]&#10;	RtlGetAppContainerNamedObjectPath [0x76F47C24+228]&#10;	RtlGetAppContainerNamedObjectPath [0x76F47BF4+180]&#10;"/>
  </testcase>
  <testcase name="tearDown" classname="com.hawk895.testcases.AddCustomer" time="0">
    <skipped/>
  </testcase>
</testsuite>